2025-09-15 00:07:30 [restartedMain] INFO  c.campusmate.CoursemateApplication - Starting CoursemateApplication using Java 22.0.1 with PID 9068 (D:\kirtan\Coursemate\CampusMate\target\classes started by HP in D:\kirtan\Coursemate\CampusMate)
2025-09-15 00:07:30 [restartedMain] DEBUG c.campusmate.CoursemateApplication - Running with Spring Boot v3.5.5, Spring v6.2.10
2025-09-15 00:07:30 [restartedMain] INFO  c.campusmate.CoursemateApplication - The following 1 profile is active: "dev"
2025-09-15 00:07:31 [restartedMain] INFO  o.s.b.d.e.DevToolsPropertyDefaultsPostProcessor - Devtools property defaults active! Set 'spring.devtools.add-properties' to 'false' to disable
2025-09-15 00:07:31 [restartedMain] INFO  o.s.b.d.e.DevToolsPropertyDefaultsPostProcessor - For additional web related logging consider setting the 'logging.level.web' property to 'DEBUG'
2025-09-15 00:07:32 [restartedMain] INFO  o.s.d.r.c.RepositoryConfigurationDelegate - Bootstrapping Spring Data JPA repositories in DEFAULT mode.
2025-09-15 00:07:32 [restartedMain] INFO  o.s.d.r.c.RepositoryConfigurationDelegate - Finished Spring Data repository scanning in 113 ms. Found 9 JPA repository interfaces.
2025-09-15 00:07:33 [restartedMain] INFO  o.s.b.w.e.tomcat.TomcatWebServer - Tomcat initialized with port 8080 (http)
2025-09-15 00:07:33 [restartedMain] INFO  o.a.catalina.core.StandardService - Starting service [Tomcat]
2025-09-15 00:07:33 [restartedMain] INFO  o.a.catalina.core.StandardEngine - Starting Servlet engine: [Apache Tomcat/10.1.44]
2025-09-15 00:07:33 [restartedMain] INFO  o.a.c.c.C.[Tomcat].[localhost].[/] - Initializing Spring embedded WebApplicationContext
2025-09-15 00:07:33 [restartedMain] INFO  o.s.b.w.s.c.ServletWebServerApplicationContext - Root WebApplicationContext: initialization completed in 2479 ms
2025-09-15 00:07:33 [restartedMain] INFO  o.h.jpa.internal.util.LogHelper - HHH000204: Processing PersistenceUnitInfo [name: default]
2025-09-15 00:07:33 [restartedMain] INFO  org.hibernate.Version - HHH000412: Hibernate ORM core version 6.6.26.Final
2025-09-15 00:07:33 [restartedMain] INFO  o.h.c.i.RegionFactoryInitiator - HHH000026: Second-level cache disabled
2025-09-15 00:07:34 [restartedMain] INFO  o.s.o.j.p.SpringPersistenceUnitInfo - No LoadTimeWeaver setup: ignoring JPA class transformer
2025-09-15 00:07:34 [restartedMain] INFO  com.zaxxer.hikari.HikariDataSource - HikariPool-1 - Starting...
2025-09-15 00:07:34 [restartedMain] INFO  com.zaxxer.hikari.pool.HikariPool - HikariPool-1 - Added connection org.postgresql.jdbc.PgConnection@52314408
2025-09-15 00:07:34 [restartedMain] INFO  com.zaxxer.hikari.HikariDataSource - HikariPool-1 - Start completed.
2025-09-15 00:07:34 [restartedMain] WARN  org.hibernate.orm.deprecation - HHH90000025: PostgreSQLDialect does not need to be specified explicitly using 'hibernate.dialect' (remove the property setting and it will be selected by default)
2025-09-15 00:07:35 [restartedMain] INFO  o.hibernate.orm.connections.pooling - HHH10001005: Database info:
	Database JDBC URL [Connecting through datasource 'HikariDataSource (HikariPool-1)']
	Database driver: undefined/unknown
	Database version: 17.6
	Autocommit mode: undefined/unknown
	Isolation level: undefined/unknown
	Minimum pool size: undefined/unknown
	Maximum pool size: undefined/unknown
2025-09-15 00:07:36 [restartedMain] INFO  o.h.e.t.j.p.i.JtaPlatformInitiator - HHH000489: No JTA platform available (set 'hibernate.transaction.jta.platform' to enable JTA platform integration)
2025-09-15 00:07:38 [restartedMain] INFO  o.s.o.j.LocalContainerEntityManagerFactoryBean - Initialized JPA EntityManagerFactory for persistence unit 'default'
2025-09-15 00:07:38 [restartedMain] INFO  o.s.d.j.r.query.QueryEnhancerFactory - Hibernate is in classpath; If applicable, HQL parser will be used.
2025-09-15 00:07:39 [restartedMain] DEBUG c.c.security.JwtAuthenticationFilter - Filter 'jwtAuthenticationFilter' configured for use
2025-09-15 00:07:40 [restartedMain] INFO  com.campusmate.service.EmailService - ✅ Email service configured with: orazovgeldymurad@gmail.com
2025-09-15 00:07:40 [restartedMain] WARN  o.s.b.a.o.j.JpaBaseConfiguration$JpaWebConfiguration - spring.jpa.open-in-view is enabled by default. Therefore, database queries may be performed during view rendering. Explicitly configure spring.jpa.open-in-view to disable this warning
2025-09-15 00:07:41 [restartedMain] INFO  o.s.s.c.a.a.c.InitializeAuthenticationProviderBeanManagerConfigurer$InitializeAuthenticationProviderManagerConfigurer - Global AuthenticationManager configured with AuthenticationProvider bean with name authenticationProvider
2025-09-15 00:07:41 [restartedMain] WARN  o.s.s.c.a.a.c.InitializeUserDetailsBeanManagerConfigurer$InitializeUserDetailsManagerConfigurer - Global AuthenticationManager configured with an AuthenticationProvider bean. UserDetailsService beans will not be used by Spring Security for automatically configuring username/password login. Consider removing the AuthenticationProvider bean. Alternatively, consider using the UserDetailsService in a manually instantiated DaoAuthenticationProvider. If the current configuration is intentional, to turn off this warning, increase the logging level of 'org.springframework.security.config.annotation.authentication.configuration.InitializeUserDetailsBeanManagerConfigurer' to ERROR
2025-09-15 00:07:41 [restartedMain] DEBUG o.s.s.web.DefaultSecurityFilterChain - Will secure any request with filters: DisableEncodeUrlFilter, WebAsyncManagerIntegrationFilter, SecurityContextHolderFilter, HeaderWriterFilter, CorsFilter, LogoutFilter, JwtAuthenticationFilter, RequestCacheAwareFilter, SecurityContextHolderAwareRequestFilter, AnonymousAuthenticationFilter, SessionManagementFilter, ExceptionTranslationFilter, AuthorizationFilter
2025-09-15 00:07:41 [restartedMain] INFO  o.s.b.d.a.OptionalLiveReloadServer - LiveReload server is running on port 35729
2025-09-15 00:07:41 [restartedMain] INFO  o.s.b.w.e.tomcat.TomcatWebServer - Tomcat started on port 8080 (http) with context path '/'
2025-09-15 00:07:41 [restartedMain] INFO  c.campusmate.CoursemateApplication - Started CoursemateApplication in 11.721 seconds (process running for 12.439)
2025-09-15 00:07:41 [scheduling-1] DEBUG org.hibernate.SQL - 
    delete 
    from
        email_verification_tokens evt1_0 
    where
        evt1_0.expiry<?
2025-09-15 00:07:42 [scheduling-1] INFO  c.c.service.EmailVerificationService - Cleaned up expired verification tokens
2025-09-15 00:08:15 [http-nio-8080-exec-1] INFO  o.a.c.c.C.[Tomcat].[localhost].[/] - Initializing Spring DispatcherServlet 'dispatcherServlet'
2025-09-15 00:08:15 [http-nio-8080-exec-1] INFO  o.s.web.servlet.DispatcherServlet - Initializing Servlet 'dispatcherServlet'
2025-09-15 00:08:15 [http-nio-8080-exec-1] INFO  o.s.web.servlet.DispatcherServlet - Completed initialization in 2 ms
2025-09-15 00:08:15 [http-nio-8080-exec-1] DEBUG o.s.security.web.FilterChainProxy - Securing OPTIONS /queries
2025-09-15 00:08:15 [http-nio-8080-exec-2] DEBUG o.s.security.web.FilterChainProxy - Securing GET /queries
2025-09-15 00:08:15 [http-nio-8080-exec-2] DEBUG o.s.s.w.a.AnonymousAuthenticationFilter - Set SecurityContextHolder to anonymous SecurityContext
2025-09-15 00:08:15 [http-nio-8080-exec-2] DEBUG o.s.security.web.FilterChainProxy - Secured GET /queries
2025-09-15 00:08:15 [http-nio-8080-exec-2] INFO  c.c.controller.QueryController - Fetching all queries with pagination - page: 0, size: 100
2025-09-15 00:08:15 [http-nio-8080-exec-2] INFO  com.campusmate.service.QueryService - Fetching all queries with pagination
2025-09-15 00:08:15 [http-nio-8080-exec-2] DEBUG org.hibernate.SQL - 
    select
        q1_0.id,
        q1_0.author_id,
        q1_0.category,
        q1_0.content,
        q1_0.course_id,
        q1_0.created_at,
        q1_0.downvotes,
        q1_0.is_solved,
        q1_0.response_count,
        q1_0.solved_at,
        q1_0.solved_by,
        q1_0.status,
        q1_0.title,
        q1_0.updated_at,
        q1_0.upvotes 
    from
        queries q1_0 
    order by
        q1_0.created_at desc 
    fetch
        first ? rows only
2025-09-15 00:08:15 [http-nio-8080-exec-2] INFO  c.c.controller.QueryController - Successfully retrieved 1 queries
2025-09-15 00:08:15 [http-nio-8080-exec-2] DEBUG org.hibernate.SQL - 
    select
        t1_0.query_id,
        t1_0.tag 
    from
        query_tags t1_0 
    where
        t1_0.query_id=?
2025-09-15 00:08:15 [http-nio-8080-exec-2] DEBUG org.hibernate.SQL - 
    select
        r1_0.query_id,
        r1_0.id,
        r1_0.author_id,
        r1_0.content,
        r1_0.created_at,
        r1_0.downvotes,
        r1_0.is_accepted,
        r1_0.updated_at,
        r1_0.upvotes 
    from
        responses r1_0 
    where
        r1_0.query_id=?
2025-09-15 00:08:30 [http-nio-8080-exec-3] DEBUG o.s.security.web.FilterChainProxy - Securing OPTIONS /auth/login
2025-09-15 00:08:30 [http-nio-8080-exec-4] DEBUG o.s.security.web.FilterChainProxy - Securing POST /auth/login
2025-09-15 00:08:30 [http-nio-8080-exec-4] DEBUG o.s.s.w.a.AnonymousAuthenticationFilter - Set SecurityContextHolder to anonymous SecurityContext
2025-09-15 00:08:30 [http-nio-8080-exec-4] DEBUG o.s.security.web.FilterChainProxy - Secured POST /auth/login
2025-09-15 00:08:30 [http-nio-8080-exec-4] INFO  c.c.controller.AuthController - Login attempt for user: karwahirtik@gmail.com
2025-09-15 00:08:30 [http-nio-8080-exec-4] DEBUG org.hibernate.SQL - 
    select
        u1_0.id,
        u1_0.avatar_url,
        u1_0.created_at,
        u1_0.department,
        u1_0.email,
        u1_0.first_name,
        u1_0.is_active,
        u1_0.is_verified,
        u1_0.last_login,
        u1_0.last_name,
        u1_0.password,
        u1_0.role,
        u1_0.student_id,
        u1_0.updated_at 
    from
        users u1_0 
    where
        u1_0.email=?
2025-09-15 00:08:30 [http-nio-8080-exec-4] INFO  c.c.controller.AuthController - User logged in successfully: karwahirtik@gmail.com
2025-09-15 00:08:30 [http-nio-8080-exec-5] DEBUG o.s.security.web.FilterChainProxy - Securing GET /queries
2025-09-15 00:08:30 [http-nio-8080-exec-5] DEBUG o.s.s.w.a.AnonymousAuthenticationFilter - Set SecurityContextHolder to anonymous SecurityContext
2025-09-15 00:08:30 [http-nio-8080-exec-5] DEBUG o.s.security.web.FilterChainProxy - Secured GET /queries
2025-09-15 00:08:30 [http-nio-8080-exec-5] INFO  c.c.controller.QueryController - Fetching all queries with pagination - page: 0, size: 100
2025-09-15 00:08:30 [http-nio-8080-exec-5] INFO  com.campusmate.service.QueryService - Fetching all queries with pagination
2025-09-15 00:08:30 [http-nio-8080-exec-5] DEBUG org.hibernate.SQL - 
    select
        q1_0.id,
        q1_0.author_id,
        q1_0.category,
        q1_0.content,
        q1_0.course_id,
        q1_0.created_at,
        q1_0.downvotes,
        q1_0.is_solved,
        q1_0.response_count,
        q1_0.solved_at,
        q1_0.solved_by,
        q1_0.status,
        q1_0.title,
        q1_0.updated_at,
        q1_0.upvotes 
    from
        queries q1_0 
    order by
        q1_0.created_at desc 
    fetch
        first ? rows only
2025-09-15 00:08:30 [http-nio-8080-exec-5] INFO  c.c.controller.QueryController - Successfully retrieved 1 queries
2025-09-15 00:08:30 [http-nio-8080-exec-5] DEBUG org.hibernate.SQL - 
    select
        t1_0.query_id,
        t1_0.tag 
    from
        query_tags t1_0 
    where
        t1_0.query_id=?
2025-09-15 00:08:30 [http-nio-8080-exec-5] DEBUG org.hibernate.SQL - 
    select
        r1_0.query_id,
        r1_0.id,
        r1_0.author_id,
        r1_0.content,
        r1_0.created_at,
        r1_0.downvotes,
        r1_0.is_accepted,
        r1_0.updated_at,
        r1_0.upvotes 
    from
        responses r1_0 
    where
        r1_0.query_id=?
2025-09-15 00:08:33 [http-nio-8080-exec-6] DEBUG o.s.security.web.FilterChainProxy - Securing OPTIONS /courses
2025-09-15 00:08:33 [http-nio-8080-exec-7] DEBUG o.s.security.web.FilterChainProxy - Securing GET /courses
2025-09-15 00:08:33 [http-nio-8080-exec-7] DEBUG org.hibernate.SQL - 
    select
        u1_0.id,
        u1_0.avatar_url,
        u1_0.created_at,
        u1_0.department,
        u1_0.email,
        u1_0.first_name,
        u1_0.is_active,
        u1_0.is_verified,
        u1_0.last_login,
        u1_0.last_name,
        u1_0.password,
        u1_0.role,
        u1_0.student_id,
        u1_0.updated_at 
    from
        users u1_0 
    where
        u1_0.email=?
2025-09-15 00:08:33 [http-nio-8080-exec-7] DEBUG o.s.security.web.FilterChainProxy - Secured GET /courses
2025-09-15 00:08:33 [http-nio-8080-exec-7] DEBUG org.hibernate.SQL - 
    select
        c1_0.id,
        c1_0.code,
        c1_0.created_at,
        c1_0.credits,
        c1_0.description,
        c1_0.difficulty_level,
        c1_0.is_active,
        c1_0.max_students,
        c1_0.professor_id,
        c1_0.semester,
        c1_0.subject_id,
        c1_0.title,
        c1_0.updated_at,
        c1_0.year 
    from
        courses c1_0
2025-09-15 00:08:33 [http-nio-8080-exec-7] DEBUG org.hibernate.SQL - 
    select
        e1_0.course_id,
        e1_0.id,
        e1_0.completed_at,
        e1_0.created_at,
        e1_0.enrolled_at,
        e1_0.grade,
        e1_0.is_active,
        e1_0.updated_at,
        e1_0.user_id 
    from
        enrollments e1_0 
    where
        e1_0.course_id=?
2025-09-15 00:08:33 [http-nio-8080-exec-7] DEBUG org.hibernate.SQL - 
    select
        q1_0.course_id,
        q1_0.id,
        q1_0.author_id,
        q1_0.category,
        q1_0.content,
        q1_0.created_at,
        q1_0.downvotes,
        q1_0.is_solved,
        q1_0.response_count,
        q1_0.solved_at,
        q1_0.solved_by,
        q1_0.status,
        q1_0.title,
        q1_0.updated_at,
        q1_0.upvotes 
    from
        queries q1_0 
    where
        q1_0.course_id=?
2025-09-15 00:08:33 [http-nio-8080-exec-7] DEBUG org.hibernate.SQL - 
    select
        p1_0.course_id,
        p1_0.id,
        p1_0.category,
        p1_0.created_at,
        p1_0.current_members,
        p1_0.deadline,
        p1_0.description,
        p1_0.leader_id,
        p1_0.max_members,
        p1_0.progress,
        p1_0.status,
        p1_0.title,
        p1_0.updated_at 
    from
        projects p1_0 
    where
        p1_0.course_id=?
2025-09-15 00:08:33 [http-nio-8080-exec-7] DEBUG org.hibernate.SQL - 
    select
        e1_0.course_id,
        e1_0.id,
        e1_0.completed_at,
        e1_0.created_at,
        e1_0.enrolled_at,
        e1_0.grade,
        e1_0.is_active,
        e1_0.updated_at,
        e1_0.user_id 
    from
        enrollments e1_0 
    where
        e1_0.course_id=?
2025-09-15 00:08:33 [http-nio-8080-exec-7] DEBUG org.hibernate.SQL - 
    select
        q1_0.course_id,
        q1_0.id,
        q1_0.author_id,
        q1_0.category,
        q1_0.content,
        q1_0.created_at,
        q1_0.downvotes,
        q1_0.is_solved,
        q1_0.response_count,
        q1_0.solved_at,
        q1_0.solved_by,
        q1_0.status,
        q1_0.title,
        q1_0.updated_at,
        q1_0.upvotes 
    from
        queries q1_0 
    where
        q1_0.course_id=?
2025-09-15 00:08:33 [http-nio-8080-exec-7] DEBUG org.hibernate.SQL - 
    select
        p1_0.course_id,
        p1_0.id,
        p1_0.category,
        p1_0.created_at,
        p1_0.current_members,
        p1_0.deadline,
        p1_0.description,
        p1_0.leader_id,
        p1_0.max_members,
        p1_0.progress,
        p1_0.status,
        p1_0.title,
        p1_0.updated_at 
    from
        projects p1_0 
    where
        p1_0.course_id=?
2025-09-15 00:08:33 [http-nio-8080-exec-7] DEBUG org.hibernate.SQL - 
    select
        e1_0.course_id,
        e1_0.id,
        e1_0.completed_at,
        e1_0.created_at,
        e1_0.enrolled_at,
        e1_0.grade,
        e1_0.is_active,
        e1_0.updated_at,
        e1_0.user_id 
    from
        enrollments e1_0 
    where
        e1_0.course_id=?
2025-09-15 00:08:33 [http-nio-8080-exec-7] DEBUG org.hibernate.SQL - 
    select
        q1_0.course_id,
        q1_0.id,
        q1_0.author_id,
        q1_0.category,
        q1_0.content,
        q1_0.created_at,
        q1_0.downvotes,
        q1_0.is_solved,
        q1_0.response_count,
        q1_0.solved_at,
        q1_0.solved_by,
        q1_0.status,
        q1_0.title,
        q1_0.updated_at,
        q1_0.upvotes 
    from
        queries q1_0 
    where
        q1_0.course_id=?
2025-09-15 00:08:33 [http-nio-8080-exec-7] DEBUG org.hibernate.SQL - 
    select
        p1_0.course_id,
        p1_0.id,
        p1_0.category,
        p1_0.created_at,
        p1_0.current_members,
        p1_0.deadline,
        p1_0.description,
        p1_0.leader_id,
        p1_0.max_members,
        p1_0.progress,
        p1_0.status,
        p1_0.title,
        p1_0.updated_at 
    from
        projects p1_0 
    where
        p1_0.course_id=?
2025-09-15 00:08:36 [http-nio-8080-exec-8] DEBUG o.s.security.web.FilterChainProxy - Securing OPTIONS /projects
2025-09-15 00:08:36 [http-nio-8080-exec-9] DEBUG o.s.security.web.FilterChainProxy - Securing GET /projects
2025-09-15 00:08:36 [http-nio-8080-exec-9] DEBUG org.hibernate.SQL - 
    select
        u1_0.id,
        u1_0.avatar_url,
        u1_0.created_at,
        u1_0.department,
        u1_0.email,
        u1_0.first_name,
        u1_0.is_active,
        u1_0.is_verified,
        u1_0.last_login,
        u1_0.last_name,
        u1_0.password,
        u1_0.role,
        u1_0.student_id,
        u1_0.updated_at 
    from
        users u1_0 
    where
        u1_0.email=?
2025-09-15 00:08:36 [http-nio-8080-exec-9] DEBUG o.s.security.web.FilterChainProxy - Secured GET /projects
2025-09-15 00:08:37 [http-nio-8080-exec-9] DEBUG org.hibernate.SQL - 
    select
        p1_0.id,
        p1_0.category,
        p1_0.course_id,
        p1_0.created_at,
        p1_0.current_members,
        p1_0.deadline,
        p1_0.description,
        jr1_0.project_id,
        jr1_0.id,
        jr1_0.created_at,
        jr1_0.message,
        jr1_0.responded_at,
        jr1_0.responded_by,
        jr1_0.response_message,
        jr1_0.status,
        jr1_0.updated_at,
        jr1_0.user_id,
        p1_0.leader_id,
        l1_0.id,
        l1_0.avatar_url,
        l1_0.created_at,
        l1_0.department,
        l1_0.email,
        l1_0.first_name,
        l1_0.is_active,
        l1_0.is_verified,
        l1_0.last_login,
        l1_0.last_name,
        l1_0.password,
        l1_0.role,
        l1_0.student_id,
        l1_0.updated_at,
        p1_0.max_members,
        m1_0.project_id,
        m1_0.id,
        m1_0.created_at,
        m1_0.is_active,
        m1_0.joined_at,
        m1_0.role,
        m1_0.updated_at,
        m1_0.user_id,
        p1_0.progress,
        p1_0.status,
        p1_0.title,
        p1_0.updated_at 
    from
        projects p1_0 
    left join
        project_join_requests jr1_0 
            on p1_0.id=jr1_0.project_id 
    join
        users l1_0 
            on l1_0.id=p1_0.leader_id 
    left join
        project_members m1_0 
            on p1_0.id=m1_0.project_id
2025-09-15 00:08:37 [http-nio-8080-exec-9] DEBUG org.hibernate.SQL - 
    select
        sr1_0.project_id,
        sr1_0.skill 
    from
        project_skills sr1_0 
    where
        sr1_0.project_id=?
2025-09-15 00:08:46 [http-nio-8080-exec-10] DEBUG o.s.security.web.FilterChainProxy - Securing OPTIONS /auth/login
2025-09-15 00:08:46 [http-nio-8080-exec-1] DEBUG o.s.security.web.FilterChainProxy - Securing POST /auth/login
2025-09-15 00:08:46 [http-nio-8080-exec-1] DEBUG o.s.s.w.a.AnonymousAuthenticationFilter - Set SecurityContextHolder to anonymous SecurityContext
2025-09-15 00:08:46 [http-nio-8080-exec-1] DEBUG o.s.security.web.FilterChainProxy - Secured POST /auth/login
2025-09-15 00:08:46 [http-nio-8080-exec-1] INFO  c.c.controller.AuthController - Login attempt for user: karwahirtik@gmail.com
2025-09-15 00:08:46 [http-nio-8080-exec-1] DEBUG org.hibernate.SQL - 
    select
        u1_0.id,
        u1_0.avatar_url,
        u1_0.created_at,
        u1_0.department,
        u1_0.email,
        u1_0.first_name,
        u1_0.is_active,
        u1_0.is_verified,
        u1_0.last_login,
        u1_0.last_name,
        u1_0.password,
        u1_0.role,
        u1_0.student_id,
        u1_0.updated_at 
    from
        users u1_0 
    where
        u1_0.email=?
2025-09-15 00:08:46 [http-nio-8080-exec-1] INFO  c.c.controller.AuthController - User logged in successfully: karwahirtik@gmail.com
2025-09-15 00:08:46 [http-nio-8080-exec-2] DEBUG o.s.security.web.FilterChainProxy - Securing OPTIONS /queries
2025-09-15 00:08:46 [http-nio-8080-exec-3] DEBUG o.s.security.web.FilterChainProxy - Securing GET /queries
2025-09-15 00:08:46 [http-nio-8080-exec-3] DEBUG o.s.s.w.a.AnonymousAuthenticationFilter - Set SecurityContextHolder to anonymous SecurityContext
2025-09-15 00:08:46 [http-nio-8080-exec-3] DEBUG o.s.security.web.FilterChainProxy - Secured GET /queries
2025-09-15 00:08:46 [http-nio-8080-exec-3] INFO  c.c.controller.QueryController - Fetching all queries with pagination - page: 0, size: 100
2025-09-15 00:08:46 [http-nio-8080-exec-3] INFO  com.campusmate.service.QueryService - Fetching all queries with pagination
2025-09-15 00:08:46 [http-nio-8080-exec-3] DEBUG org.hibernate.SQL - 
    select
        q1_0.id,
        q1_0.author_id,
        q1_0.category,
        q1_0.content,
        q1_0.course_id,
        q1_0.created_at,
        q1_0.downvotes,
        q1_0.is_solved,
        q1_0.response_count,
        q1_0.solved_at,
        q1_0.solved_by,
        q1_0.status,
        q1_0.title,
        q1_0.updated_at,
        q1_0.upvotes 
    from
        queries q1_0 
    order by
        q1_0.created_at desc 
    fetch
        first ? rows only
2025-09-15 00:08:46 [http-nio-8080-exec-3] INFO  c.c.controller.QueryController - Successfully retrieved 1 queries
2025-09-15 00:08:46 [http-nio-8080-exec-3] DEBUG org.hibernate.SQL - 
    select
        t1_0.query_id,
        t1_0.tag 
    from
        query_tags t1_0 
    where
        t1_0.query_id=?
2025-09-15 00:08:46 [http-nio-8080-exec-3] DEBUG org.hibernate.SQL - 
    select
        r1_0.query_id,
        r1_0.id,
        r1_0.author_id,
        r1_0.content,
        r1_0.created_at,
        r1_0.downvotes,
        r1_0.is_accepted,
        r1_0.updated_at,
        r1_0.upvotes 
    from
        responses r1_0 
    where
        r1_0.query_id=?
2025-09-15 00:09:35 [http-nio-8080-exec-4] DEBUG o.s.security.web.FilterChainProxy - Securing OPTIONS /auth/login
2025-09-15 00:09:35 [http-nio-8080-exec-4] DEBUG o.s.security.web.FilterChainProxy - Securing POST /auth/login
2025-09-15 00:09:35 [http-nio-8080-exec-4] DEBUG o.s.s.w.a.AnonymousAuthenticationFilter - Set SecurityContextHolder to anonymous SecurityContext
2025-09-15 00:09:35 [http-nio-8080-exec-4] DEBUG o.s.security.web.FilterChainProxy - Secured POST /auth/login
2025-09-15 00:09:35 [http-nio-8080-exec-4] INFO  c.c.controller.AuthController - Login attempt for user: malikakumari351@gmail.com
2025-09-15 00:09:35 [http-nio-8080-exec-4] DEBUG org.hibernate.SQL - 
    select
        u1_0.id,
        u1_0.avatar_url,
        u1_0.created_at,
        u1_0.department,
        u1_0.email,
        u1_0.first_name,
        u1_0.is_active,
        u1_0.is_verified,
        u1_0.last_login,
        u1_0.last_name,
        u1_0.password,
        u1_0.role,
        u1_0.student_id,
        u1_0.updated_at 
    from
        users u1_0 
    where
        u1_0.email=?
2025-09-15 00:09:35 [http-nio-8080-exec-4] INFO  c.c.controller.AuthController - User logged in successfully: malikakumari351@gmail.com
2025-09-15 00:09:35 [http-nio-8080-exec-6] DEBUG o.s.security.web.FilterChainProxy - Securing OPTIONS /queries
2025-09-15 00:09:35 [http-nio-8080-exec-7] DEBUG o.s.security.web.FilterChainProxy - Securing GET /queries
2025-09-15 00:09:35 [http-nio-8080-exec-7] DEBUG o.s.s.w.a.AnonymousAuthenticationFilter - Set SecurityContextHolder to anonymous SecurityContext
2025-09-15 00:09:35 [http-nio-8080-exec-7] DEBUG o.s.security.web.FilterChainProxy - Secured GET /queries
2025-09-15 00:09:35 [http-nio-8080-exec-7] INFO  c.c.controller.QueryController - Fetching all queries with pagination - page: 0, size: 100
2025-09-15 00:09:35 [http-nio-8080-exec-7] INFO  com.campusmate.service.QueryService - Fetching all queries with pagination
2025-09-15 00:09:35 [http-nio-8080-exec-7] DEBUG org.hibernate.SQL - 
    select
        q1_0.id,
        q1_0.author_id,
        q1_0.category,
        q1_0.content,
        q1_0.course_id,
        q1_0.created_at,
        q1_0.downvotes,
        q1_0.is_solved,
        q1_0.response_count,
        q1_0.solved_at,
        q1_0.solved_by,
        q1_0.status,
        q1_0.title,
        q1_0.updated_at,
        q1_0.upvotes 
    from
        queries q1_0 
    order by
        q1_0.created_at desc 
    fetch
        first ? rows only
2025-09-15 00:09:35 [http-nio-8080-exec-7] INFO  c.c.controller.QueryController - Successfully retrieved 1 queries
2025-09-15 00:09:35 [http-nio-8080-exec-7] DEBUG org.hibernate.SQL - 
    select
        t1_0.query_id,
        t1_0.tag 
    from
        query_tags t1_0 
    where
        t1_0.query_id=?
2025-09-15 00:09:35 [http-nio-8080-exec-7] DEBUG org.hibernate.SQL - 
    select
        r1_0.query_id,
        r1_0.id,
        r1_0.author_id,
        r1_0.content,
        r1_0.created_at,
        r1_0.downvotes,
        r1_0.is_accepted,
        r1_0.updated_at,
        r1_0.upvotes 
    from
        responses r1_0 
    where
        r1_0.query_id=?
2025-09-15 00:09:37 [http-nio-8080-exec-9] DEBUG o.s.security.web.FilterChainProxy - Securing OPTIONS /projects
2025-09-15 00:09:37 [http-nio-8080-exec-10] DEBUG o.s.security.web.FilterChainProxy - Securing GET /projects
2025-09-15 00:09:37 [http-nio-8080-exec-10] DEBUG org.hibernate.SQL - 
    select
        u1_0.id,
        u1_0.avatar_url,
        u1_0.created_at,
        u1_0.department,
        u1_0.email,
        u1_0.first_name,
        u1_0.is_active,
        u1_0.is_verified,
        u1_0.last_login,
        u1_0.last_name,
        u1_0.password,
        u1_0.role,
        u1_0.student_id,
        u1_0.updated_at 
    from
        users u1_0 
    where
        u1_0.email=?
2025-09-15 00:09:37 [http-nio-8080-exec-10] DEBUG o.s.security.web.FilterChainProxy - Secured GET /projects
2025-09-15 00:09:37 [http-nio-8080-exec-10] DEBUG org.hibernate.SQL - 
    select
        p1_0.id,
        p1_0.category,
        p1_0.course_id,
        p1_0.created_at,
        p1_0.current_members,
        p1_0.deadline,
        p1_0.description,
        jr1_0.project_id,
        jr1_0.id,
        jr1_0.created_at,
        jr1_0.message,
        jr1_0.responded_at,
        jr1_0.responded_by,
        jr1_0.response_message,
        jr1_0.status,
        jr1_0.updated_at,
        jr1_0.user_id,
        p1_0.leader_id,
        l1_0.id,
        l1_0.avatar_url,
        l1_0.created_at,
        l1_0.department,
        l1_0.email,
        l1_0.first_name,
        l1_0.is_active,
        l1_0.is_verified,
        l1_0.last_login,
        l1_0.last_name,
        l1_0.password,
        l1_0.role,
        l1_0.student_id,
        l1_0.updated_at,
        p1_0.max_members,
        m1_0.project_id,
        m1_0.id,
        m1_0.created_at,
        m1_0.is_active,
        m1_0.joined_at,
        m1_0.role,
        m1_0.updated_at,
        m1_0.user_id,
        p1_0.progress,
        p1_0.status,
        p1_0.title,
        p1_0.updated_at 
    from
        projects p1_0 
    left join
        project_join_requests jr1_0 
            on p1_0.id=jr1_0.project_id 
    join
        users l1_0 
            on l1_0.id=p1_0.leader_id 
    left join
        project_members m1_0 
            on p1_0.id=m1_0.project_id
2025-09-15 00:09:37 [http-nio-8080-exec-10] DEBUG org.hibernate.SQL - 
    select
        sr1_0.project_id,
        sr1_0.skill 
    from
        project_skills sr1_0 
    where
        sr1_0.project_id=?
2025-09-15 00:09:39 [http-nio-8080-exec-1] DEBUG o.s.security.web.FilterChainProxy - Securing OPTIONS /courses
2025-09-15 00:09:39 [http-nio-8080-exec-2] DEBUG o.s.security.web.FilterChainProxy - Securing GET /courses
2025-09-15 00:09:39 [http-nio-8080-exec-2] DEBUG org.hibernate.SQL - 
    select
        u1_0.id,
        u1_0.avatar_url,
        u1_0.created_at,
        u1_0.department,
        u1_0.email,
        u1_0.first_name,
        u1_0.is_active,
        u1_0.is_verified,
        u1_0.last_login,
        u1_0.last_name,
        u1_0.password,
        u1_0.role,
        u1_0.student_id,
        u1_0.updated_at 
    from
        users u1_0 
    where
        u1_0.email=?
2025-09-15 00:09:39 [http-nio-8080-exec-2] DEBUG o.s.security.web.FilterChainProxy - Secured GET /courses
2025-09-15 00:09:39 [http-nio-8080-exec-2] DEBUG org.hibernate.SQL - 
    select
        c1_0.id,
        c1_0.code,
        c1_0.created_at,
        c1_0.credits,
        c1_0.description,
        c1_0.difficulty_level,
        c1_0.is_active,
        c1_0.max_students,
        c1_0.professor_id,
        c1_0.semester,
        c1_0.subject_id,
        c1_0.title,
        c1_0.updated_at,
        c1_0.year 
    from
        courses c1_0
2025-09-15 00:09:39 [http-nio-8080-exec-2] DEBUG org.hibernate.SQL - 
    select
        e1_0.course_id,
        e1_0.id,
        e1_0.completed_at,
        e1_0.created_at,
        e1_0.enrolled_at,
        e1_0.grade,
        e1_0.is_active,
        e1_0.updated_at,
        e1_0.user_id 
    from
        enrollments e1_0 
    where
        e1_0.course_id=?
2025-09-15 00:09:39 [http-nio-8080-exec-2] DEBUG org.hibernate.SQL - 
    select
        q1_0.course_id,
        q1_0.id,
        q1_0.author_id,
        q1_0.category,
        q1_0.content,
        q1_0.created_at,
        q1_0.downvotes,
        q1_0.is_solved,
        q1_0.response_count,
        q1_0.solved_at,
        q1_0.solved_by,
        q1_0.status,
        q1_0.title,
        q1_0.updated_at,
        q1_0.upvotes 
    from
        queries q1_0 
    where
        q1_0.course_id=?
2025-09-15 00:09:39 [http-nio-8080-exec-2] DEBUG org.hibernate.SQL - 
    select
        p1_0.course_id,
        p1_0.id,
        p1_0.category,
        p1_0.created_at,
        p1_0.current_members,
        p1_0.deadline,
        p1_0.description,
        p1_0.leader_id,
        p1_0.max_members,
        p1_0.progress,
        p1_0.status,
        p1_0.title,
        p1_0.updated_at 
    from
        projects p1_0 
    where
        p1_0.course_id=?
2025-09-15 00:09:39 [http-nio-8080-exec-2] DEBUG org.hibernate.SQL - 
    select
        e1_0.course_id,
        e1_0.id,
        e1_0.completed_at,
        e1_0.created_at,
        e1_0.enrolled_at,
        e1_0.grade,
        e1_0.is_active,
        e1_0.updated_at,
        e1_0.user_id 
    from
        enrollments e1_0 
    where
        e1_0.course_id=?
2025-09-15 00:09:39 [http-nio-8080-exec-2] DEBUG org.hibernate.SQL - 
    select
        q1_0.course_id,
        q1_0.id,
        q1_0.author_id,
        q1_0.category,
        q1_0.content,
        q1_0.created_at,
        q1_0.downvotes,
        q1_0.is_solved,
        q1_0.response_count,
        q1_0.solved_at,
        q1_0.solved_by,
        q1_0.status,
        q1_0.title,
        q1_0.updated_at,
        q1_0.upvotes 
    from
        queries q1_0 
    where
        q1_0.course_id=?
2025-09-15 00:09:39 [http-nio-8080-exec-2] DEBUG org.hibernate.SQL - 
    select
        p1_0.course_id,
        p1_0.id,
        p1_0.category,
        p1_0.created_at,
        p1_0.current_members,
        p1_0.deadline,
        p1_0.description,
        p1_0.leader_id,
        p1_0.max_members,
        p1_0.progress,
        p1_0.status,
        p1_0.title,
        p1_0.updated_at 
    from
        projects p1_0 
    where
        p1_0.course_id=?
2025-09-15 00:09:39 [http-nio-8080-exec-2] DEBUG org.hibernate.SQL - 
    select
        e1_0.course_id,
        e1_0.id,
        e1_0.completed_at,
        e1_0.created_at,
        e1_0.enrolled_at,
        e1_0.grade,
        e1_0.is_active,
        e1_0.updated_at,
        e1_0.user_id 
    from
        enrollments e1_0 
    where
        e1_0.course_id=?
2025-09-15 00:09:39 [http-nio-8080-exec-2] DEBUG org.hibernate.SQL - 
    select
        q1_0.course_id,
        q1_0.id,
        q1_0.author_id,
        q1_0.category,
        q1_0.content,
        q1_0.created_at,
        q1_0.downvotes,
        q1_0.is_solved,
        q1_0.response_count,
        q1_0.solved_at,
        q1_0.solved_by,
        q1_0.status,
        q1_0.title,
        q1_0.updated_at,
        q1_0.upvotes 
    from
        queries q1_0 
    where
        q1_0.course_id=?
2025-09-15 00:09:39 [http-nio-8080-exec-2] DEBUG org.hibernate.SQL - 
    select
        p1_0.course_id,
        p1_0.id,
        p1_0.category,
        p1_0.created_at,
        p1_0.current_members,
        p1_0.deadline,
        p1_0.description,
        p1_0.leader_id,
        p1_0.max_members,
        p1_0.progress,
        p1_0.status,
        p1_0.title,
        p1_0.updated_at 
    from
        projects p1_0 
    where
        p1_0.course_id=?
